#
# A fatal error has been detected by the Java Runtime Environment:
#
#  EXCEPTION_ACCESS_VIOLATION (0xc0000005) at pc=0x000000007110b5db, pid=17360, tid=22432
#
# JRE version: OpenJDK Runtime Environment (23.0+37) (build 23+37-2369)
# Java VM: OpenJDK 64-Bit Server VM (23+37-2369, mixed mode, sharing, tiered, compressed oops, compressed class ptrs, g1 gc, windows-amd64)
# Problematic frame:
# C  [jSSC-2.8_x86_64.dll+0xb5db]
#
# No core dump will be written. Minidumps are not enabled by default on client versions of Windows
#
# If you would like to submit a bug report, please visit:
#   https://bugreport.java.com/bugreport/crash.jsp
# The crash happened outside the Java Virtual Machine in native code.
# See problematic frame for where to report the bug.
#

---------------  S U M M A R Y ------------

Command Line: -javaagent:C:\Program Files\JetBrains\IntelliJ IDEA Community Edition 2024.2.3\lib\idea_rt.jar=52949:C:\Program Files\JetBrains\IntelliJ IDEA Community Edition 2024.2.3\bin -Dfile.encoding=UTF-8 -Dsun.stdout.encoding=UTF-8 -Dsun.stderr.encoding=UTF-8 org.org.example.BLEFirmataControl

Host: Intel(R) Core(TM) i5-7500 CPU @ 3.40GHz, 4 cores, 31G,  Windows 10 , 64 bit Build 19041 (10.0.19041.4842)
Time: Thu Oct 10 16:02:28 2024 GMT Daylight Time elapsed time: 0.905836 seconds (0d 0h 0m 0s)

---------------  T H R E A D  ---------------

Current thread (0x000001352fae2a20):  JavaThread "main"             [_thread_in_native, id=22432, stack(0x0000002b33100000,0x0000002b33200000) (1024K)]

Stack: [0x0000002b33100000,0x0000002b33200000],  sp=0x0000002b331ff300,  free space=1020k
Native frames: (J=compiled Java code, j=interpreted, Vv=VM code, C=native code)
C  [jSSC-2.8_x86_64.dll+0xb5db]  (no source info available)
C  [jSSC-2.8_x86_64.dll+0x12590]  (no source info available)
C  [jSSC-2.8_x86_64.dll+0x1595]  (no source info available)
C  0x000001353f75d207  (no source info available)

The last pc belongs to native method entry point (kind = native) (printed below).
Java frames: (J=compiled Java code, j=interpreted, Vv=VM code)
j  jssc.SerialNativeInterface.openPort(Ljava/lang/String;Z)J+0
j  jssc.SerialPort.openPort()Z+65
j  org.firmata4j.transport.SerialTransport.start()V+14
j  org.firmata4j.firmata.FirmataDevice.start()V+24
j  org.org.example.BLEFirmataControl.main([Ljava/lang/String;)V+26
v  ~StubRoutines::call_stub 0x000001353f750fcd

siginfo: EXCEPTION_ACCESS_VIOLATION (0xc0000005), reading address 0x000000002db8b775


Registers:
RAX=0x000000002db8b775, RBX=0x0000002b331ff370, RCX=0x00007ffcf9c8d744, RDX=0x0000000000000000
RSP=0x0000002b331ff300, RBP=0x0000002b331ff480, RSI=0x000001352fae2de0, RDI=0x00000000000004c0
R8 =0x0000002b331ff1f8, R9 =0x0000002b331ff2f0, R10=0x0000000000000000, R11=0x0000000000000246
R12=0x0000002b331ff540, R13=0x0000013553abec60, R14=0x0000002b331ff430, R15=0x000001352fae2a20
RIP=0x000000007110b5db, EFLAGS=0x0000000000010202


Register to memory mapping:

RAX=0x000000002db8b775 is an unknown value
RBX=0x0000002b331ff370 is pointing into the stack for thread: 0x000001352fae2a20
RCX=0x00007ffcf9c8d744 ntdll.dll
RDX=0x0 is null
RSP=0x0000002b331ff300 is pointing into the stack for thread: 0x000001352fae2a20
RBP=0x0000002b331ff480 is pointing into the stack for thread: 0x000001352fae2a20
RSI=0x000001352fae2de0 points into unknown readable memory: 0x00007ffc49515e00 | 00 5e 51 49 fc 7f 00 00
RDI=0x00000000000004c0 is an unknown value
R8 =0x0000002b331ff1f8 is pointing into the stack for thread: 0x000001352fae2a20
R9 =0x0000002b331ff2f0 is pointing into the stack for thread: 0x000001352fae2a20
R10=0x0 is null
R11=0x0000000000000246 is an unknown value
R12=0x0000002b331ff540 is pointing into the stack for thread: 0x000001352fae2a20
R13=0x0000013553abec60 points into unknown readable memory: 0x00000000fffffffe | fe ff ff ff 00 00 00 00
R14=0x0000002b331ff430 is pointing into the stack for thread: 0x000001352fae2a20
R15=0x000001352fae2a20 is a thread

Top of Stack: (sp=0x0000002b331ff300)
0x0000002b331ff300:   0000013553ab0c50 0000013553abe880
0x0000002b331ff310:   000000007110b230 000001352d7b0000
0x0000002b331ff320:   000001352d990000 0000000000000004
0x0000002b331ff330:   000001352fae2de0 00000000000004c0
0x0000002b331ff340:   0000002b331ff480 0000000071112590
0x0000002b331ff350:   000001352fae2a20 0000002b331ff430
0x0000002b331ff360:   0000013553abec60 0000002b331ff540
0x0000002b331ff370:   0000013553abec60 00007ffcf9c147b1
0x0000002b331ff380:   0000002b331ff3b0 000001352d7b0000
0x0000002b331ff390:   0000002b331ff480 0000000000000000
0x0000002b331ff3a0:   0000000071113500 0000000071113be8
0x0000002b331ff3b0:   0000002b331ff3e0 0000000071112641
0x0000002b331ff3c0:   0000002b331ff350 000001352fae2de0
0x0000002b331ff3d0:   0000000000000000 0000000000000000
0x0000002b331ff3e0:   0000002b331ff480 0000000071101595
0x0000002b331ff3f0:   000000000000001c 0000013500000000
0x0000002b331ff400:   0000002b331ff440 0000002b331ff548
0x0000002b331ff410:   0000013500000003 00007ffc40000000
0x0000002b331ff420:   0000000000000000 000001353f776dd6
0x0000002b331ff430:   314d4f435c2e5c5c 000001352fae0033
0x0000002b331ff440:   000001005c2e5c5c 000001352fae2a20
0x0000002b331ff450:   00000135954393a0 0000000000000173
0x0000002b331ff460:   0000013595012b70 0000000000000000
0x0000002b331ff470:   00000135954393a0 0000002b331ff548
0x0000002b331ff480:   0000002b331ff518 000001353f75d207
0x0000002b331ff490:   0000013595012b70 000001353f75cede
0x0000002b331ff4a0:   00000135954393a0 0000000000000173
0x0000002b331ff4b0:   0000002b331ff4e0 0000002b331ff538
0x0000002b331ff4c0:   000001353f75889a 000001353f75ce9b
0x0000002b331ff4d0:   fffffffffffffff7 00000135954393a0
0x0000002b331ff4e0:   0000000000000006 000001359543a6a8
0x0000002b331ff4f0:   0000000000000000 000000062140b420 

Instructions: (pc=0x000000007110b5db)
0x000000007110b4db:   48 85 c0 74 bf 44 8b 03 45 85 c0 0f 84 77 ff ff
0x000000007110b4eb:   ff eb 9f 66 90 e8 8b fe ff ff 48 89 05 0c 34 01
0x000000007110b4fb:   00 eb ad 66 90 e8 7b fe ff ff 48 89 05 fc 33 01
0x000000007110b50b:   00 eb 8b e8 8d fe ff ff c7 03 01 00 00 00 e9 6f
0x000000007110b51b:   ff ff ff 66 90 55 48 89 e5 56 53 48 83 ec 20 48
0x000000007110b52b:   8b 05 d7 33 01 00 48 8b 31 48 89 cb 48 85 c0 74
0x000000007110b53b:   56 44 8b 18 45 85 db 78 42 48 8b 05 bd 33 01 00
0x000000007110b54b:   48 85 c0 74 50 44 8b 10 45 85 d2 74 1d 48 89 f1
0x000000007110b55b:   e8 d0 fd ff ff 48 8b 13 48 8d 42 40 48 8b 48 08
0x000000007110b56b:   48 8b 6a 40 48 8b 60 10 ff e1 48 8b 05 9c 33 01
0x000000007110b57b:   00 48 85 c0 74 2d 48 89 30 eb da e8 b5 fe ff ff
0x000000007110b58b:   0f 1f 44 00 00 eb b2 e8 e9 fd ff ff 48 89 05 6a
0x000000007110b59b:   33 01 00 eb 9c e8 db fd ff ff 48 89 05 5c 33 01
0x000000007110b5ab:   00 eb a2 e8 3d fd ff ff 48 89 05 5e 33 01 00 eb
0x000000007110b5bb:   c5 0f 1f 40 00 55 57 56 53 48 83 ec 28 48 8b 05
0x000000007110b5cb:   39 33 01 00 48 89 cb 48 85 c0 0f 84 c5 00 00 00
0x000000007110b5db:   8b 38 85 ff 0f 88 ab 00 00 00 48 8b 05 1c 33 01
0x000000007110b5eb:   00 48 85 c0 0f 84 bc 00 00 00 8b 30 85 f6 74 57
0x000000007110b5fb:   48 8b 05 0e 33 01 00 48 85 c0 0f 84 e5 00 00 00
0x000000007110b60b:   8b 28 48 8b 35 10 5e 01 00 ff d6 89 c7 89 e9 ff
0x000000007110b61b:   15 f4 5e 01 00 89 f9 48 89 c5 ff 15 b9 5e 01 00
0x000000007110b62b:   48 8b 05 de 32 01 00 48 89 2b 48 85 c0 74 46 48
0x000000007110b63b:   89 da 8b 08 ff 15 d7 5e 01 00 85 c0 74 27 48 83
0x000000007110b64b:   c4 28 5b 5e 5f 5d c3 48 8b 05 bf 32 01 00 48 85
0x000000007110b65b:   c0 74 64 48 8b 10 48 89 13 48 89 18 48 83 c4 28
0x000000007110b66b:   5b 5e 5f 5d c3 48 89 f2 48 83 c4 28 5b 5e 5f 5d
0x000000007110b67b:   48 ff e2 66 90 e8 8b fc ff ff 48 89 05 84 32 01
0x000000007110b68b:   00 eb ac 66 90 e8 ab fd ff ff e9 4b ff ff ff 66
0x000000007110b69b:   0f 1f 44 00 00 e8 db fc ff ff 48 89 05 5c 32 01
0x000000007110b6ab:   00 e9 2a ff ff ff e8 ca fc ff ff 48 89 05 4b 32
0x000000007110b6bb:   01 00 e9 33 ff ff ff e8 29 fc ff ff 48 89 05 4a
0x000000007110b6cb:   32 01 00 48 8b 10 48 85 c0 48 89 13 75 8b e8 12 


Stack slot to memory mapping:

stack at sp + 0 slots: 0x0000013553ab0c50 points into unknown readable memory: 0x005c002e005c005c | 5c 00 5c 00 2e 00 5c 00
stack at sp + 1 slots: 0x0000013553abe880 points into unknown readable memory: 0x0000013553aa5280 | 80 52 aa 53 35 01 00 00
stack at sp + 2 slots: 0x000000007110b230 jSSC-2.8_x86_64.dll
stack at sp + 3 slots: 0x000001352d7b0000 points into unknown readable memory: 0x0000000000000000 | 00 00 00 00 00 00 00 00
stack at sp + 4 slots: 0x000001352d990000 points into unknown readable memory: 0x0000000000000000 | 00 00 00 00 00 00 00 00
stack at sp + 5 slots: 0x0000000000000004 is an unknown value
stack at sp + 6 slots: 0x000001352fae2de0 points into unknown readable memory: 0x00007ffc49515e00 | 00 5e 51 49 fc 7f 00 00
stack at sp + 7 slots: 0x00000000000004c0 is an unknown value

Lock stack of current Java thread (top to bottom):

native method entry point (kind = native)  [0x000001353f75cde0, 0x000001353f75d938]  2904 bytes
[MachCode]
  0x000001353f75cde0: 488b 4b08 | 0fb7 492e | 584c 8d74 | ccf8 6800 | 0000 0068 | 0000 0000 | 5055 488b | ec41 5568 
  0x000001353f75ce00: 0000 0000 | 4c8b 6b08 | 4d8d 6d38 | 5348 8b53 | 0848 8b52 | 0848 8b52 | 1848 8b52 | 7048 8b12 
  0x000001353f75ce20: 5248 8b53 | 1048 85d2 | 0f84 0700 | 0000 4881 | c210 0100 | 0052 488b | 5308 488b | 5208 488b 
  0x000001353f75ce40: 5210 5249 | 8bc6 482b | c548 c1e8 | 0350 6800 | 0000 0068 | f7ff ffff | 41c6 8771 | 0400 0001 
  0x000001353f75ce60: 488b 4310 | 4885 c074 | 208b 88cc | 0000 0083 | c102 8988 | cc00 0000 | 2388 e000 | 0000 0f84 
  0x000001353f75ce80: 000a 0000 | e9cf 0000 | 0048 8b43 | 1848 85c0 | 0f85 b000 | 0000 e805 | 0000 00e9 | 9900 0000 
  0x000001353f75cea0: 488b d348 | 8d44 2408 | 4c89 6dc0 | 498b cfc5 | f877 4989 | afb0 0300 | 0049 8987 | a003 0000 
  0x000001353f75cec0: 4883 ec20 | 40f6 c40f | 0f84 1900 | 0000 4883 | ec08 48b8 | 9026 d048 | fc7f 0000 | ffd0 4883 
  0x000001353f75cee0: c408 e90c | 0000 0048 | b890 26d0 | 48fc 7f00 | 00ff d048 | 83c4 2049 | c787 a003 | 0000 0000 
  0x000001353f75cf00: 0000 49c7 | 87b0 0300 | 0000 0000 | 0049 c787 | a803 0000 | 0000 0000 | c5f8 7749 | 837f 0800 
  0x000001353f75cf20: 0f84 0500 | 0000 e995 | 3fff ff4c | 8b6d c04c | 8b75 c84e | 8d74 f500 | c348 8b43 | 1848 85c0 
  0x000001353f75cf40: 0f84 1200 | 0000 8b48 | 0883 c102 | 8948 0823 | 481c 0f84 | 2c09 0000 | 493b a7e8 | 0400 000f 
  0x000001353f75cf60: 8748 0000 | 0089 8424 | 00f0 ffff | 8984 2400 | e0ff ff89 | 8424 00d0 | ffff 8984 | 2400 c0ff 
  0x000001353f75cf80: ff89 8424 | 00b0 ffff | 8984 2400 | a0ff ff89 | 8424 0090 | ffff 8984 | 2400 80ff | ff49 3ba7 
  0x000001353f75cfa0: e004 0000 | 7607 4989 | a7e8 0400 | 0041 c687 | 7104 0000 | 0049 ba41 | ad57 49fc | 7f00 0041 
  0x000001353f75cfc0: 803a 000f | 843e 0000 | 0048 8b55 | e849 8bcf | 4883 ec20 | 40f6 c40f | 0f84 1900 | 0000 4883 
  0x000001353f75cfe0: ec08 48b8 | 00ee 0749 | fc7f 0000 | ffd0 4883 | c408 e90c | 0000 0048 | b800 ee07 | 49fc 7f00 
  0x000001353f75d000: 00ff d048 | 83c4 2048 | 8b5d e84c | 8b5b 0845 | 0fb7 5b2e | 41c1 e303 | 492b e348 | 83ec 2048 
  0x000001353f75d020: 83e4 f04c | 8b5b 604d | 85db 0f85 | ab00 0000 | e805 0000 | 00e9 9900 | 0000 488b | d348 8d44 
  0x000001353f75d040: 2408 4c89 | 6dc0 498b | cfc5 f877 | 4989 afb0 | 0300 0049 | 8987 a003 | 0000 4883 | ec20 40f6 
  0x000001353f75d060: c40f 0f84 | 1900 0000 | 4883 ec08 | 48b8 f04d | d048 fc7f | 0000 ffd0 | 4883 c408 | e90c 0000 
  0x000001353f75d080: 0048 b8f0 | 4dd0 48fc | 7f00 00ff | d048 83c4 | 2049 c787 | a003 0000 | 0000 0000 | 49c7 87b0 
  0x000001353f75d0a0: 0300 0000 | 0000 0049 | c787 a803 | 0000 0000 | 0000 c5f8 | 7749 837f | 0800 0f84 | 0500 0000 
  0x000001353f75d0c0: e9fb 3dff | ff4c 8b6d | c04c 8b75 | c84e 8d74 | f500 c348 | 8b5d e84c | 8b5b 6041 | ffd3 488b 
  0x000001353f75d0e0: 5de8 4889 | 4518 448b | 5b28 41f6 | c308 0f84 | 1b00 0000 | 4c8b 5b08 | 4d8b 5b08 | 4d8b 5b18 
  0x000001353f75d100: 4d8b 5b70 | 4d8b 1b4c | 895d 1048 | 8d55 1048 | 8b43 5849 | ba50 3c08 | 49fc 7f00 | 0049 3bc2 
  0x000001353f75d120: 0f85 ab00 | 0000 e805 | 0000 00e9 | 9900 0000 | 488b d348 | 8d44 2408 | 4c89 6dc0 | 498b cfc5 
  0x000001353f75d140: f877 4989 | afb0 0300 | 0049 8987 | a003 0000 | 4883 ec20 | 40f6 c40f | 0f84 1900 | 0000 4883 
  0x000001353f75d160: ec08 48b8 | f04d d048 | fc7f 0000 | ffd0 4883 | c408 e90c | 0000 0048 | b8f0 4dd0 | 48fc 7f00 
  0x000001353f75d180: 00ff d048 | 83c4 2049 | c787 a003 | 0000 0000 | 0000 49c7 | 87b0 0300 | 0000 0000 | 0049 c787 
  0x000001353f75d1a0: a803 0000 | 0000 0000 | c5f8 7749 | 837f 0800 | 0f84 0500 | 0000 e905 | 3dff ff4c | 8b6d c04c 
  0x000001353f75d1c0: 8b75 c84e | 8d74 f500 | c348 8b5d | e848 8b43 | 5849 8d8f | c003 0000 | c5f8 7749 | 89af b003 
  0x000001353f75d1e0: 0000 49ba | d8d1 753f | 3501 0000 | 4d89 97a8 | 0300 0049 | 89a7 a003 | 0000 41c7 | 8744 0400 
  0x000001353f75d200: 0004 0000 | 00ff d0c5 | f877 4883 | ec10 c5fb | 1104 2448 | 83ec 1048 | 8904 2448 | c744 2408 
  0x000001353f75d220: 0000 0000 | 41c7 8744 | 0400 0005 | 0000 00f0 | 8344 24c0 | 0049 3baf | 4804 0000 | 0f87 0e00 
  0x000001353f75d240: 0000 4183 | bf40 0400 | 0000 0f84 | 2000 0000 | 498b cf4c | 8be4 4883 | ec20 4883 | e4f0 48b8 
  0x000001353f75d260: 90a9 d148 | fc7f 0000 | ffd0 498b | e44d 33e4 | 41c7 8744 | 0400 0008 | 0000 0049 | c787 a003 
  0x000001353f75d280: 0000 0000 | 0000 49c7 | 87b0 0300 | 0000 0000 | 0049 c787 | a803 0000 | 0000 0000 | c5f8 774d 
  0x000001353f75d2a0: 8b9f 3004 | 0000 41c7 | 8300 0100 | 0000 0000 | 0049 bbda | a575 3f35 | 0100 004c | 3b5d 180f 
  0x000001353f75d2c0: 8524 0200 | 0048 8b04 | 2448 83c4 | 1048 85c0 | 0f84 fe01 | 0000 a803 | 0f85 0800 | 0000 488b 
  0x000001353f75d2e0: 00e9 ee01 | 0000 a801 | 0f85 0900 | 0000 488b | 40fe e9dd | 0100 0048 | 8b40 ff41 | 807f 3800 
  0x000001353f75d300: 0f84 ce01 | 0000 4883 | f800 0f84 | c401 0000 | 4d8b 5f28 | 4983 fb00 | 0f84 1400 | 0000 4983 
  0x000001353f75d320: eb08 4d89 | 5f28 4d03 | 5f30 4989 | 03e9 a201 | 0000 4881 | ecd0 0000 | 0048 8904 | 2448 894c 
  0x000001353f75d340: 2408 4889 | 5424 1048 | 8974 2418 | 4889 7c24 | 204c 8944 | 2428 4c89 | 4c24 304c | 8954 2438 
  0x000001353f75d360: 4c89 5c24 | 40c5 fb11 | 4424 50c5 | fb11 4c24 | 58c5 fb11 | 5424 60c5 | fb11 5c24 | 68c5 fb11 
  0x000001353f75d380: 6424 70c5 | fb11 6c24 | 78c5 fb11 | b424 8000 | 0000 c5fb | 11bc 2488 | 0000 00c5 | 7b11 8424 
  0x000001353f75d3a0: 9000 0000 | c57b 118c | 2498 0000 | 00c5 7b11 | 9424 a000 | 0000 c57b | 119c 24a8 | 0000 00c5 
  0x000001353f75d3c0: 7b11 a424 | b000 0000 | c57b 11ac | 24b8 0000 | 00c5 7b11 | b424 c000 | 0000 c57b | 11bc 24c8 
  0x000001353f75d3e0: 0000 0049 | 8bd7 488b | c848 83ec | 2040 f6c4 | 0f0f 8419 | 0000 0048 | 83ec 0848 | b8e0 07c5 
  0x000001353f75d400: 48fc 7f00 | 00ff d048 | 83c4 08e9 | 0c00 0000 | 48b8 e007 | c548 fc7f | 0000 ffd0 | 4883 c420 
  0x000001353f75d420: c57b 10bc | 24c8 0000 | 00c5 7b10 | b424 c000 | 0000 c57b | 10ac 24b8 | 0000 00c5 | 7b10 a424 
  0x000001353f75d440: b000 0000 | c57b 109c | 24a8 0000 | 00c5 7b10 | 9424 a000 | 0000 c57b | 108c 2498 | 0000 00c5 
  0x000001353f75d460: 7b10 8424 | 9000 0000 | c5fb 10bc | 2488 0000 | 00c5 fb10 | b424 8000 | 0000 c5fb | 106c 2478 
  0x000001353f75d480: c5fb 1064 | 2470 c5fb | 105c 2468 | c5fb 1054 | 2460 c5fb | 104c 2458 | c5fb 1044 | 2450 4c8b 
  0x000001353f75d4a0: 5c24 404c | 8b54 2438 | 4c8b 4c24 | 304c 8b44 | 2428 488b | 7c24 2048 | 8b74 2418 | 488b 5424 
  0x000001353f75d4c0: 1048 8b4c | 2408 488b | 0424 4881 | c4d0 0000 | 00c5 f877 | 4889 4510 | 4883 ec10 | 4889 0424 
  0x000001353f75d4e0: 48c7 4424 | 0800 0000 | 0041 83bf | c804 0000 | 020f 85bf | 0000 0048 | 81ec 8000 | 0000 4889 
  0x000001353f75d500: 4424 7848 | 894c 2470 | 4889 5424 | 6848 895c | 2460 4889 | 6c24 5048 | 8974 2448 | 4889 7c24 
  0x000001353f75d520: 404c 8944 | 2438 4c89 | 4c24 304c | 8954 2428 | 4c89 5c24 | 204c 8964 | 2418 4c89 | 6c24 104c 
  0x000001353f75d540: 8974 2408 | 4c89 3c24 | 4c8b e448 | 83ec 2048 | 83e4 f048 | b8b0 2208 | 49fc 7f00 | 00ff d049 
  0x000001353f75d560: 8be4 4c8b | 3c24 4c8b | 7424 084c | 8b6c 2410 | 4c8b 6424 | 184c 8b5c | 2420 4c8b | 5424 284c 
  0x000001353f75d580: 8b4c 2430 | 4c8b 4424 | 3848 8b7c | 2440 488b | 7424 4848 | 8b6c 2450 | 488b 5c24 | 6048 8b54 
  0x000001353f75d5a0: 2468 488b | 4c24 7048 | 8b44 2478 | 4881 c480 | 0000 004d | 33e4 488b | 5de8 4c8b | 6b08 4d8d 
  0x000001353f75d5c0: 6d38 4983 | 7f08 000f | 84bb 0000 | 00e8 0500 | 0000 e996 | 0000 0048 | 8d44 2408 | 4c89 6dc0 
  0x000001353f75d5e0: 498b cfc5 | f877 4989 | afb0 0300 | 0049 8987 | a003 0000 | 4883 ec20 | 40f6 c40f | 0f84 1900 
  0x000001353f75d600: 0000 4883 | ec08 48b8 | 006c d048 | fc7f 0000 | ffd0 4883 | c408 e90c | 0000 0048 | b800 6cd0 
  0x000001353f75d620: 48fc 7f00 | 00ff d048 | 83c4 2049 | c787 a003 | 0000 0000 | 0000 49c7 | 87b0 0300 | 0000 0000 
  0x000001353f75d640: 0049 c787 | a803 0000 | 0000 0000 | c5f8 7749 | 837f 0800 | 0f84 0500 | 0000 e961 | 38ff ff4c 
  0x000001353f75d660: 8b6d c04c | 8b75 c84e | 8d74 f500 | c348 b920 | d52f 49fc | 7f00 0048 | 83e4 f048 | b860 4af6 
  0x000001353f75d680: 48fc 7f00 | 00ff d0f4 | 448b 5b28 | 41f6 c320 | 0f84 7901 | 0000 488d | 55a8 4c8b | 5a08 4d85 
  0x000001353f75d6a0: db0f 85bb | 0000 00e8 | 0500 0000 | e996 0000 | 0048 8d44 | 2408 4c89 | 6dc0 498b | cfc5 f877 
  0x000001353f75d6c0: 4989 afb0 | 0300 0049 | 8987 a003 | 0000 4883 | ec20 40f6 | c40f 0f84 | 1900 0000 | 4883 ec08 
  0x000001353f75d6e0: 48b8 306b | d048 fc7f | 0000 ffd0 | 4883 c408 | e90c 0000 | 0048 b830 | 6bd0 48fc | 7f00 00ff 
  0x000001353f75d700: d048 83c4 | 2049 c787 | a003 0000 | 0000 0000 | 49c7 87b0 | 0300 0000 | 0000 0049 | c787 a803 
  0x000001353f75d720: 0000 0000 | 0000 c5f8 | 7749 837f | 0800 0f84 | 0500 0000 | e987 37ff | ff4c 8b6d | c04c 8b75 
  0x000001353f75d740: c84e 8d74 | f500 c348 | b920 d52f | 49fc 7f00 | 0048 83e4 | f048 b860 | 4af6 48fc | 7f00 00ff 
  0x000001353f75d760: d0f4 4c89 | 6dc0 4c8b | 4a08 48c7 | 4208 0000 | 0000 458b | 8718 0600 | 004f 3b4c | 07f8 0f85 
  0x000001353f75d780: 4900 0000 | 4183 af18 | 0600 0008 | 4f3b 4c07 | f00f 842a | 0000 0049 | 8b01 a802 | 0f85 1200 
  0x000001353f75d7a0: 0000 4c8b | c049 83c8 | 01f0 4d0f | b101 0f84 | 0d00 0000 | 4183 8718 | 0600 0008 | e90c 0000 
  0x000001353f75d7c0: 0049 ff8f | 5005 0000 | e93e 0000 | 004c 894a | 0848 8bca | 4883 ec20 | 40f6 c40f | 0f84 1900 
  0x000001353f75d7e0: 0000 4883 | ec08 48b8 | f03d d048 | fc7f 0000 | ffd0 4883 | c408 e90c | 0000 0048 | b8f0 3dd0 
  0x000001353f75d800: 48fc 7f00 | 00ff d048 | 83c4 204c | 8b6d c049 | ba41 ad57 | 49fc 7f00 | 0041 803a | 000f 843e 
  0x000001353f75d820: 0000 0048 | 8b55 e849 | 8bcf 4883 | ec20 40f6 | c40f 0f84 | 1900 0000 | 4883 ec08 | 48b8 00ee 
  0x000001353f75d840: 0749 fc7f | 0000 ffd0 | 4883 c408 | e90c 0000 | 0048 b800 | ee07 49fc | 7f00 00ff | d048 83c4 
  0x000001353f75d860: 2048 8b04 | 2448 83c4 | 10c5 fb10 | 0424 4883 | c410 4c8b | 5d18 41ff | d34c 8b5d | f8c9 5f49 
  0x000001353f75d880: 8be3 ffe7 | ba00 0000 | 00e8 0500 | 0000 e996 | 0000 0048 | 8d44 2408 | 4c89 6dc0 | 498b cfc5 
  0x000001353f75d8a0: f877 4989 | afb0 0300 | 0049 8987 | a003 0000 | 4883 ec20 | 40f6 c40f | 0f84 1900 | 0000 4883 
  0x000001353f75d8c0: ec08 48b8 | a031 d048 | fc7f 0000 | ffd0 4883 | c408 e90c | 0000 0048 | b8a0 31d0 | 48fc 7f00 
  0x000001353f75d8e0: 00ff d048 | 83c4 2049 | c787 a003 | 0000 0000 | 0000 49c7 | 87b0 0300 | 0000 0000 | 0049 c787 
  0x000001353f75d900: a803 0000 | 0000 0000 | c5f8 7749 | 837f 0800 | 0f84 0500 | 0000 e9a5 | 35ff ff4c | 8b6d c04c 
  0x000001353f75d920: 8b75 c84e | 8d74 f500 | c348 8b5d | e8e9 26f6 | ffff 660f | 1f44 0000 
[/MachCode]

---------------  P R O C E S S  ---------------

Threads class SMR info:
_java_thread_list=0x0000013553acd4c0, length=13, elements={
0x000001352fae2a20, 0x00000135537d44c0, 0x00000135537d5590, 0x00000135537d7360,
0x00000135537da720, 0x00000135537db180, 0x00000135537dbbe0, 0x00000135537dd110,
0x00000135538107e0, 0x00000135537a7c60, 0x0000013553a7c6a0, 0x0000013553a7cd10,
0x0000013553abec90
}

Java Threads: ( => current thread )
=>0x000001352fae2a20 JavaThread "main"                              [_thread_in_native, id=22432, stack(0x0000002b33100000,0x0000002b33200000) (1024K)]
  0x00000135537d44c0 JavaThread "Reference Handler"          daemon [_thread_blocked, id=23448, stack(0x0000002b33900000,0x0000002b33a00000) (1024K)]
  0x00000135537d5590 JavaThread "Finalizer"                  daemon [_thread_blocked, id=23876, stack(0x0000002b33a00000,0x0000002b33b00000) (1024K)]
  0x00000135537d7360 JavaThread "Signal Dispatcher"          daemon [_thread_blocked, id=16364, stack(0x0000002b33b00000,0x0000002b33c00000) (1024K)]
  0x00000135537da720 JavaThread "Attach Listener"            daemon [_thread_blocked, id=15860, stack(0x0000002b33c00000,0x0000002b33d00000) (1024K)]
  0x00000135537db180 JavaThread "Service Thread"             daemon [_thread_blocked, id=17740, stack(0x0000002b33d00000,0x0000002b33e00000) (1024K)]
  0x00000135537dbbe0 JavaThread "Monitor Deflation Thread"   daemon [_thread_blocked, id=12380, stack(0x0000002b33e00000,0x0000002b33f00000) (1024K)]
  0x00000135537dd110 JavaThread "C2 CompilerThread0"         daemon [_thread_blocked, id=3480, stack(0x0000002b33f00000,0x0000002b34000000) (1024K)]
  0x00000135538107e0 JavaThread "C1 CompilerThread0"         daemon [_thread_blocked, id=12344, stack(0x0000002b34000000,0x0000002b34100000) (1024K)]
  0x00000135537a7c60 JavaThread "Common-Cleaner"             daemon [_thread_blocked, id=26808, stack(0x0000002b34100000,0x0000002b34200000) (1024K)]
  0x0000013553a7c6a0 JavaThread "Monitor Ctrl-Break"         daemon [_thread_in_native, id=18884, stack(0x0000002b34200000,0x0000002b34300000) (1024K)]
  0x0000013553a7cd10 JavaThread "Notification Thread"        daemon [_thread_blocked, id=13304, stack(0x0000002b34300000,0x0000002b34400000) (1024K)]
  0x0000013553abec90 JavaThread "firmata-parser-thread"      daemon [_thread_blocked, id=24756, stack(0x0000002b34400000,0x0000002b34500000) (1024K)]
Total: 13

Other Threads:
  0x00000135537b8a00 VMThread "VM Thread"                           [id=10264, stack(0x0000002b33800000,0x0000002b33900000) (1024K)]
  0x00000135537a6e50 WatcherThread "VM Periodic Task Thread"        [id=6508, stack(0x0000002b33700000,0x0000002b33800000) (1024K)]
  0x000001352fb89ec0 WorkerThread "GC Thread#0"                     [id=8084, stack(0x0000002b33200000,0x0000002b33300000) (1024K)]
  0x000001352fb9ede0 ConcurrentGCThread "G1 Main Marker"            [id=25332, stack(0x0000002b33300000,0x0000002b33400000) (1024K)]
  0x000001352fb9faa0 WorkerThread "G1 Conc#0"                       [id=26212, stack(0x0000002b33400000,0x0000002b33500000) (1024K)]
  0x000001355366ad90 ConcurrentGCThread "G1 Refine#0"               [id=29052, stack(0x0000002b33500000,0x0000002b33600000) (1024K)]
  0x000001355366bac0 ConcurrentGCThread "G1 Service"                [id=25520, stack(0x0000002b33600000,0x0000002b33700000) (1024K)]
Total: 7

Threads with active compile tasks:
Total: 0

VM state: not at safepoint (normal execution)

VM Mutex/Monitor currently owned by a thread: None

Heap address: 0x0000000601c00000, size: 8164 MB, Compressed Oops mode: Zero based, Oop shift amount: 3

CDS archive(s) mapped at: [0x0000013554000000-0x0000013554d70000-0x0000013554d70000), size 14090240, SharedBaseAddress: 0x0000013554000000, ArchiveRelocationMode: 1.
Compressed class space mapped at: 0x0000013555000000-0x0000013595000000, reserved size: 1073741824
Narrow klass base: 0x0000013554000000, Narrow klass shift: 0, Narrow klass range: 0x41000000

GC Precious Log:
 CardTable entry size: 512
 Card Set container configuration: InlinePtr #cards 4 size 8 Array Of Cards #cards 32 size 80 Howl #buckets 8 coarsen threshold 7372 Howl Bitmap #cards 1024 size 144 coarsen threshold 921 Card regions per heap region 1 cards per card region 8192
 CPUs: 4 total, 4 available
 Memory: 32651M
 Large Page Support: Disabled
 NUMA Support: Disabled
 Compressed Oops: Enabled (Zero based)
 Heap Region Size: 4M
 Heap Min Capacity: 8M
 Heap Initial Capacity: 512M
 Heap Max Capacity: 8164M
 Pre-touch: Disabled
 Parallel Workers: 4
 Concurrent Workers: 1
 Concurrent Refinement Workers: 4
 Periodic GC: Disabled

Heap:
 garbage-first heap   total reserved 8359936K, committed 524288K, used 4096K [0x0000000601c00000, 0x0000000800000000)
  region size 4096K, 2 young (8192K), 0 survivors (0K)
 Metaspace       used 1364K, committed 1536K, reserved 1114112K
  class space    used 129K, committed 192K, reserved 1048576K

Heap Regions: E=young(eden), S=young(survivor), O=old, HS=humongous(starts), HC=humongous(continues), CS=collection set, F=free, TAMS=top-at-mark-start, PB=parsable bottom
|   0|0x0000000601c00000, 0x0000000601c00000, 0x0000000602000000|  0%| F|  |TAMS 0x0000000601c00000| PB 0x0000000601c00000| Untracked |  0
|   1|0x0000000602000000, 0x0000000602000000, 0x0000000602400000|  0%| F|  |TAMS 0x0000000602000000| PB 0x0000000602000000| Untracked |  0
|   2|0x0000000602400000, 0x0000000602400000, 0x0000000602800000|  0%| F|  |TAMS 0x0000000602400000| PB 0x0000000602400000| Untracked |  0
|   3|0x0000000602800000, 0x0000000602800000, 0x0000000602c00000|  0%| F|  |TAMS 0x0000000602800000| PB 0x0000000602800000| Untracked |  0
|   4|0x0000000602c00000, 0x0000000602c00000, 0x0000000603000000|  0%| F|  |TAMS 0x0000000602c00000| PB 0x0000000602c00000| Untracked |  0
|   5|0x0000000603000000, 0x0000000603000000, 0x0000000603400000|  0%| F|  |TAMS 0x0000000603000000| PB 0x0000000603000000| Untracked |  0
|   6|0x0000000603400000, 0x0000000603400000, 0x0000000603800000|  0%| F|  |TAMS 0x0000000603400000| PB 0x0000000603400000| Untracked |  0
|   7|0x0000000603800000, 0x0000000603800000, 0x0000000603c00000|  0%| F|  |TAMS 0x0000000603800000| PB 0x0000000603800000| Untracked |  0
|   8|0x0000000603c00000, 0x0000000603c00000, 0x0000000604000000|  0%| F|  |TAMS 0x0000000603c00000| PB 0x0000000603c00000| Untracked |  0
|   9|0x0000000604000000, 0x0000000604000000, 0x0000000604400000|  0%| F|  |TAMS 0x0000000604000000| PB 0x0000000604000000| Untracked |  0
|  10|0x0000000604400000, 0x0000000604400000, 0x0000000604800000|  0%| F|  |TAMS 0x0000000604400000| PB 0x0000000604400000| Untracked |  0
|  11|0x0000000604800000, 0x0000000604800000, 0x0000000604c00000|  0%| F|  |TAMS 0x0000000604800000| PB 0x0000000604800000| Untracked |  0
|  12|0x0000000604c00000, 0x0000000604c00000, 0x0000000605000000|  0%| F|  |TAMS 0x0000000604c00000| PB 0x0000000604c00000| Untracked |  0
|  13|0x0000000605000000, 0x0000000605000000, 0x0000000605400000|  0%| F|  |TAMS 0x0000000605000000| PB 0x0000000605000000| Untracked |  0
|  14|0x0000000605400000, 0x0000000605400000, 0x0000000605800000|  0%| F|  |TAMS 0x0000000605400000| PB 0x0000000605400000| Untracked |  0
|  15|0x0000000605800000, 0x0000000605800000, 0x0000000605c00000|  0%| F|  |TAMS 0x0000000605800000| PB 0x0000000605800000| Untracked |  0
|  16|0x0000000605c00000, 0x0000000605c00000, 0x0000000606000000|  0%| F|  |TAMS 0x0000000605c00000| PB 0x0000000605c00000| Untracked |  0
|  17|0x0000000606000000, 0x0000000606000000, 0x0000000606400000|  0%| F|  |TAMS 0x0000000606000000| PB 0x0000000606000000| Untracked |  0
|  18|0x0000000606400000, 0x0000000606400000, 0x0000000606800000|  0%| F|  |TAMS 0x0000000606400000| PB 0x0000000606400000| Untracked |  0
|  19|0x0000000606800000, 0x0000000606800000, 0x0000000606c00000|  0%| F|  |TAMS 0x0000000606800000| PB 0x0000000606800000| Untracked |  0
|  20|0x0000000606c00000, 0x0000000606c00000, 0x0000000607000000|  0%| F|  |TAMS 0x0000000606c00000| PB 0x0000000606c00000| Untracked |  0
|  21|0x0000000607000000, 0x0000000607000000, 0x0000000607400000|  0%| F|  |TAMS 0x0000000607000000| PB 0x0000000607000000| Untracked |  0
|  22|0x0000000607400000, 0x0000000607400000, 0x0000000607800000|  0%| F|  |TAMS 0x0000000607400000| PB 0x0000000607400000| Untracked |  0
|  23|0x0000000607800000, 0x0000000607800000, 0x0000000607c00000|  0%| F|  |TAMS 0x0000000607800000| PB 0x0000000607800000| Untracked |  0
|  24|0x0000000607c00000, 0x0000000607c00000, 0x0000000608000000|  0%| F|  |TAMS 0x0000000607c00000| PB 0x0000000607c00000| Untracked |  0
|  25|0x0000000608000000, 0x0000000608000000, 0x0000000608400000|  0%| F|  |TAMS 0x0000000608000000| PB 0x0000000608000000| Untracked |  0
|  26|0x0000000608400000, 0x0000000608400000, 0x0000000608800000|  0%| F|  |TAMS 0x0000000608400000| PB 0x0000000608400000| Untracked |  0
|  27|0x0000000608800000, 0x0000000608800000, 0x0000000608c00000|  0%| F|  |TAMS 0x0000000608800000| PB 0x0000000608800000| Untracked |  0
|  28|0x0000000608c00000, 0x0000000608c00000, 0x0000000609000000|  0%| F|  |TAMS 0x0000000608c00000| PB 0x0000000608c00000| Untracked |  0
|  29|0x0000000609000000, 0x0000000609000000, 0x0000000609400000|  0%| F|  |TAMS 0x0000000609000000| PB 0x0000000609000000| Untracked |  0
|  30|0x0000000609400000, 0x0000000609400000, 0x0000000609800000|  0%| F|  |TAMS 0x0000000609400000| PB 0x0000000609400000| Untracked |  0
|  31|0x0000000609800000, 0x0000000609800000, 0x0000000609c00000|  0%| F|  |TAMS 0x0000000609800000| PB 0x0000000609800000| Untracked |  0
|  32|0x0000000609c00000, 0x0000000609c00000, 0x000000060a000000|  0%| F|  |TAMS 0x0000000609c00000| PB 0x0000000609c00000| Untracked |  0
|  33|0x000000060a000000, 0x000000060a000000, 0x000000060a400000|  0%| F|  |TAMS 0x000000060a000000| PB 0x000000060a000000| Untracked |  0
|  34|0x000000060a400000, 0x000000060a400000, 0x000000060a800000|  0%| F|  |TAMS 0x000000060a400000| PB 0x000000060a400000| Untracked |  0
|  35|0x000000060a800000, 0x000000060a800000, 0x000000060ac00000|  0%| F|  |TAMS 0x000000060a800000| PB 0x000000060a800000| Untracked |  0
|  36|0x000000060ac00000, 0x000000060ac00000, 0x000000060b000000|  0%| F|  |TAMS 0x000000060ac00000| PB 0x000000060ac00000| Untracked |  0
|  37|0x000000060b000000, 0x000000060b000000, 0x000000060b400000|  0%| F|  |TAMS 0x000000060b000000| PB 0x000000060b000000| Untracked |  0
|  38|0x000000060b400000, 0x000000060b400000, 0x000000060b800000|  0%| F|  |TAMS 0x000000060b400000| PB 0x000000060b400000| Untracked |  0
|  39|0x000000060b800000, 0x000000060b800000, 0x000000060bc00000|  0%| F|  |TAMS 0x000000060b800000| PB 0x000000060b800000| Untracked |  0
|  40|0x000000060bc00000, 0x000000060bc00000, 0x000000060c000000|  0%| F|  |TAMS 0x000000060bc00000| PB 0x000000060bc00000| Untracked |  0
|  41|0x000000060c000000, 0x000000060c000000, 0x000000060c400000|  0%| F|  |TAMS 0x000000060c000000| PB 0x000000060c000000| Untracked |  0
|  42|0x000000060c400000, 0x000000060c400000, 0x000000060c800000|  0%| F|  |TAMS 0x000000060c400000| PB 0x000000060c400000| Untracked |  0
|  43|0x000000060c800000, 0x000000060c800000, 0x000000060cc00000|  0%| F|  |TAMS 0x000000060c800000| PB 0x000000060c800000| Untracked |  0
|  44|0x000000060cc00000, 0x000000060cc00000, 0x000000060d000000|  0%| F|  |TAMS 0x000000060cc00000| PB 0x000000060cc00000| Untracked |  0
|  45|0x000000060d000000, 0x000000060d000000, 0x000000060d400000|  0%| F|  |TAMS 0x000000060d000000| PB 0x000000060d000000| Untracked |  0
|  46|0x000000060d400000, 0x000000060d400000, 0x000000060d800000|  0%| F|  |TAMS 0x000000060d400000| PB 0x000000060d400000| Untracked |  0
|  47|0x000000060d800000, 0x000000060d800000, 0x000000060dc00000|  0%| F|  |TAMS 0x000000060d800000| PB 0x000000060d800000| Untracked |  0
|  48|0x000000060dc00000, 0x000000060dc00000, 0x000000060e000000|  0%| F|  |TAMS 0x000000060dc00000| PB 0x000000060dc00000| Untracked |  0
|  49|0x000000060e000000, 0x000000060e000000, 0x000000060e400000|  0%| F|  |TAMS 0x000000060e000000| PB 0x000000060e000000| Untracked |  0
|  50|0x000000060e400000, 0x000000060e400000, 0x000000060e800000|  0%| F|  |TAMS 0x000000060e400000| PB 0x000000060e400000| Untracked |  0
|  51|0x000000060e800000, 0x000000060e800000, 0x000000060ec00000|  0%| F|  |TAMS 0x000000060e800000| PB 0x000000060e800000| Untracked |  0
|  52|0x000000060ec00000, 0x000000060ec00000, 0x000000060f000000|  0%| F|  |TAMS 0x000000060ec00000| PB 0x000000060ec00000| Untracked |  0
|  53|0x000000060f000000, 0x000000060f000000, 0x000000060f400000|  0%| F|  |TAMS 0x000000060f000000| PB 0x000000060f000000| Untracked |  0
|  54|0x000000060f400000, 0x000000060f400000, 0x000000060f800000|  0%| F|  |TAMS 0x000000060f400000| PB 0x000000060f400000| Untracked |  0
|  55|0x000000060f800000, 0x000000060f800000, 0x000000060fc00000|  0%| F|  |TAMS 0x000000060f800000| PB 0x000000060f800000| Untracked |  0
|  56|0x000000060fc00000, 0x000000060fc00000, 0x0000000610000000|  0%| F|  |TAMS 0x000000060fc00000| PB 0x000000060fc00000| Untracked |  0
|  57|0x0000000610000000, 0x0000000610000000, 0x0000000610400000|  0%| F|  |TAMS 0x0000000610000000| PB 0x0000000610000000| Untracked |  0
|  58|0x0000000610400000, 0x0000000610400000, 0x0000000610800000|  0%| F|  |TAMS 0x0000000610400000| PB 0x0000000610400000| Untracked |  0
|  59|0x0000000610800000, 0x0000000610800000, 0x0000000610c00000|  0%| F|  |TAMS 0x0000000610800000| PB 0x0000000610800000| Untracked |  0
|  60|0x0000000610c00000, 0x0000000610c00000, 0x0000000611000000|  0%| F|  |TAMS 0x0000000610c00000| PB 0x0000000610c00000| Untracked |  0
|  61|0x0000000611000000, 0x0000000611000000, 0x0000000611400000|  0%| F|  |TAMS 0x0000000611000000| PB 0x0000000611000000| Untracked |  0
|  62|0x0000000611400000, 0x0000000611400000, 0x0000000611800000|  0%| F|  |TAMS 0x0000000611400000| PB 0x0000000611400000| Untracked |  0
|  63|0x0000000611800000, 0x0000000611800000, 0x0000000611c00000|  0%| F|  |TAMS 0x0000000611800000| PB 0x0000000611800000| Untracked |  0
|  64|0x0000000611c00000, 0x0000000611c00000, 0x0000000612000000|  0%| F|  |TAMS 0x0000000611c00000| PB 0x0000000611c00000| Untracked |  0
|  65|0x0000000612000000, 0x0000000612000000, 0x0000000612400000|  0%| F|  |TAMS 0x0000000612000000| PB 0x0000000612000000| Untracked |  0
|  66|0x0000000612400000, 0x0000000612400000, 0x0000000612800000|  0%| F|  |TAMS 0x0000000612400000| PB 0x0000000612400000| Untracked |  0
|  67|0x0000000612800000, 0x0000000612800000, 0x0000000612c00000|  0%| F|  |TAMS 0x0000000612800000| PB 0x0000000612800000| Untracked |  0
|  68|0x0000000612c00000, 0x0000000612c00000, 0x0000000613000000|  0%| F|  |TAMS 0x0000000612c00000| PB 0x0000000612c00000| Untracked |  0
|  69|0x0000000613000000, 0x0000000613000000, 0x0000000613400000|  0%| F|  |TAMS 0x0000000613000000| PB 0x0000000613000000| Untracked |  0
|  70|0x0000000613400000, 0x0000000613400000, 0x0000000613800000|  0%| F|  |TAMS 0x0000000613400000| PB 0x0000000613400000| Untracked |  0
|  71|0x0000000613800000, 0x0000000613800000, 0x0000000613c00000|  0%| F|  |TAMS 0x0000000613800000| PB 0x0000000613800000| Untracked |  0
|  72|0x0000000613c00000, 0x0000000613c00000, 0x0000000614000000|  0%| F|  |TAMS 0x0000000613c00000| PB 0x0000000613c00000| Untracked |  0
|  73|0x0000000614000000, 0x0000000614000000, 0x0000000614400000|  0%| F|  |TAMS 0x0000000614000000| PB 0x0000000614000000| Untracked |  0
|  74|0x0000000614400000, 0x0000000614400000, 0x0000000614800000|  0%| F|  |TAMS 0x0000000614400000| PB 0x0000000614400000| Untracked |  0
|  75|0x0000000614800000, 0x0000000614800000, 0x0000000614c00000|  0%| F|  |TAMS 0x0000000614800000| PB 0x0000000614800000| Untracked |  0
|  76|0x0000000614c00000, 0x0000000614c00000, 0x0000000615000000|  0%| F|  |TAMS 0x0000000614c00000| PB 0x0000000614c00000| Untracked |  0
|  77|0x0000000615000000, 0x0000000615000000, 0x0000000615400000|  0%| F|  |TAMS 0x0000000615000000| PB 0x0000000615000000| Untracked |  0
|  78|0x0000000615400000, 0x0000000615400000, 0x0000000615800000|  0%| F|  |TAMS 0x0000000615400000| PB 0x0000000615400000| Untracked |  0
|  79|0x0000000615800000, 0x0000000615800000, 0x0000000615c00000|  0%| F|  |TAMS 0x0000000615800000| PB 0x0000000615800000| Untracked |  0
|  80|0x0000000615c00000, 0x0000000615c00000, 0x0000000616000000|  0%| F|  |TAMS 0x0000000615c00000| PB 0x0000000615c00000| Untracked |  0
|  81|0x0000000616000000, 0x0000000616000000, 0x0000000616400000|  0%| F|  |TAMS 0x0000000616000000| PB 0x0000000616000000| Untracked |  0
|  82|0x0000000616400000, 0x0000000616400000, 0x0000000616800000|  0%| F|  |TAMS 0x0000000616400000| PB 0x0000000616400000| Untracked |  0
|  83|0x0000000616800000, 0x0000000616800000, 0x0000000616c00000|  0%| F|  |TAMS 0x0000000616800000| PB 0x0000000616800000| Untracked |  0
|  84|0x0000000616c00000, 0x0000000616c00000, 0x0000000617000000|  0%| F|  |TAMS 0x0000000616c00000| PB 0x0000000616c00000| Untracked |  0
|  85|0x0000000617000000, 0x0000000617000000, 0x0000000617400000|  0%| F|  |TAMS 0x0000000617000000| PB 0x0000000617000000| Untracked |  0
|  86|0x0000000617400000, 0x0000000617400000, 0x0000000617800000|  0%| F|  |TAMS 0x0000000617400000| PB 0x0000000617400000| Untracked |  0
|  87|0x0000000617800000, 0x0000000617800000, 0x0000000617c00000|  0%| F|  |TAMS 0x0000000617800000| PB 0x0000000617800000| Untracked |  0
|  88|0x0000000617c00000, 0x0000000617c00000, 0x0000000618000000|  0%| F|  |TAMS 0x0000000617c00000| PB 0x0000000617c00000| Untracked |  0
|  89|0x0000000618000000, 0x0000000618000000, 0x0000000618400000|  0%| F|  |TAMS 0x0000000618000000| PB 0x0000000618000000| Untracked |  0
|  90|0x0000000618400000, 0x0000000618400000, 0x0000000618800000|  0%| F|  |TAMS 0x0000000618400000| PB 0x0000000618400000| Untracked |  0
|  91|0x0000000618800000, 0x0000000618800000, 0x0000000618c00000|  0%| F|  |TAMS 0x0000000618800000| PB 0x0000000618800000| Untracked |  0
|  92|0x0000000618c00000, 0x0000000618c00000, 0x0000000619000000|  0%| F|  |TAMS 0x0000000618c00000| PB 0x0000000618c00000| Untracked |  0
|  93|0x0000000619000000, 0x0000000619000000, 0x0000000619400000|  0%| F|  |TAMS 0x0000000619000000| PB 0x0000000619000000| Untracked |  0
|  94|0x0000000619400000, 0x0000000619400000, 0x0000000619800000|  0%| F|  |TAMS 0x0000000619400000| PB 0x0000000619400000| Untracked |  0
|  95|0x0000000619800000, 0x0000000619800000, 0x0000000619c00000|  0%| F|  |TAMS 0x0000000619800000| PB 0x0000000619800000| Untracked |  0
|  96|0x0000000619c00000, 0x0000000619c00000, 0x000000061a000000|  0%| F|  |TAMS 0x0000000619c00000| PB 0x0000000619c00000| Untracked |  0
|  97|0x000000061a000000, 0x000000061a000000, 0x000000061a400000|  0%| F|  |TAMS 0x000000061a000000| PB 0x000000061a000000| Untracked |  0
|  98|0x000000061a400000, 0x000000061a400000, 0x000000061a800000|  0%| F|  |TAMS 0x000000061a400000| PB 0x000000061a400000| Untracked |  0
|  99|0x000000061a800000, 0x000000061a800000, 0x000000061ac00000|  0%| F|  |TAMS 0x000000061a800000| PB 0x000000061a800000| Untracked |  0
| 100|0x000000061ac00000, 0x000000061ac00000, 0x000000061b000000|  0%| F|  |TAMS 0x000000061ac00000| PB 0x000000061ac00000| Untracked |  0
| 101|0x000000061b000000, 0x000000061b000000, 0x000000061b400000|  0%| F|  |TAMS 0x000000061b000000| PB 0x000000061b000000| Untracked |  0
| 102|0x000000061b400000, 0x000000061b400000, 0x000000061b800000|  0%| F|  |TAMS 0x000000061b400000| PB 0x000000061b400000| Untracked |  0
| 103|0x000000061b800000, 0x000000061b800000, 0x000000061bc00000|  0%| F|  |TAMS 0x000000061b800000| PB 0x000000061b800000| Untracked |  0
| 104|0x000000061bc00000, 0x000000061bc00000, 0x000000061c000000|  0%| F|  |TAMS 0x000000061bc00000| PB 0x000000061bc00000| Untracked |  0
| 105|0x000000061c000000, 0x000000061c000000, 0x000000061c400000|  0%| F|  |TAMS 0x000000061c000000| PB 0x000000061c000000| Untracked |  0
| 106|0x000000061c400000, 0x000000061c400000, 0x000000061c800000|  0%| F|  |TAMS 0x000000061c400000| PB 0x000000061c400000| Untracked |  0
| 107|0x000000061c800000, 0x000000061c800000, 0x000000061cc00000|  0%| F|  |TAMS 0x000000061c800000| PB 0x000000061c800000| Untracked |  0
| 108|0x000000061cc00000, 0x000000061cc00000, 0x000000061d000000|  0%| F|  |TAMS 0x000000061cc00000| PB 0x000000061cc00000| Untracked |  0
| 109|0x000000061d000000, 0x000000061d000000, 0x000000061d400000|  0%| F|  |TAMS 0x000000061d000000| PB 0x000000061d000000| Untracked |  0
| 110|0x000000061d400000, 0x000000061d400000, 0x000000061d800000|  0%| F|  |TAMS 0x000000061d400000| PB 0x000000061d400000| Untracked |  0
| 111|0x000000061d800000, 0x000000061d800000, 0x000000061dc00000|  0%| F|  |TAMS 0x000000061d800000| PB 0x000000061d800000| Untracked |  0
| 112|0x000000061dc00000, 0x000000061dc00000, 0x000000061e000000|  0%| F|  |TAMS 0x000000061dc00000| PB 0x000000061dc00000| Untracked |  0
| 113|0x000000061e000000, 0x000000061e000000, 0x000000061e400000|  0%| F|  |TAMS 0x000000061e000000| PB 0x000000061e000000| Untracked |  0
| 114|0x000000061e400000, 0x000000061e400000, 0x000000061e800000|  0%| F|  |TAMS 0x000000061e400000| PB 0x000000061e400000| Untracked |  0
| 115|0x000000061e800000, 0x000000061e800000, 0x000000061ec00000|  0%| F|  |TAMS 0x000000061e800000| PB 0x000000061e800000| Untracked |  0
| 116|0x000000061ec00000, 0x000000061ec00000, 0x000000061f000000|  0%| F|  |TAMS 0x000000061ec00000| PB 0x000000061ec00000| Untracked |  0
| 117|0x000000061f000000, 0x000000061f000000, 0x000000061f400000|  0%| F|  |TAMS 0x000000061f000000| PB 0x000000061f000000| Untracked |  0
| 118|0x000000061f400000, 0x000000061f400000, 0x000000061f800000|  0%| F|  |TAMS 0x000000061f400000| PB 0x000000061f400000| Untracked |  0
| 119|0x000000061f800000, 0x000000061f800000, 0x000000061fc00000|  0%| F|  |TAMS 0x000000061f800000| PB 0x000000061f800000| Untracked |  0
| 120|0x000000061fc00000, 0x000000061fc00000, 0x0000000620000000|  0%| F|  |TAMS 0x000000061fc00000| PB 0x000000061fc00000| Untracked |  0
| 121|0x0000000620000000, 0x0000000620000000, 0x0000000620400000|  0%| F|  |TAMS 0x0000000620000000| PB 0x0000000620000000| Untracked |  0
| 122|0x0000000620400000, 0x0000000620400000, 0x0000000620800000|  0%| F|  |TAMS 0x0000000620400000| PB 0x0000000620400000| Untracked |  0
| 123|0x0000000620800000, 0x0000000620800000, 0x0000000620c00000|  0%| F|  |TAMS 0x0000000620800000| PB 0x0000000620800000| Untracked |  0
| 124|0x0000000620c00000, 0x0000000620c00000, 0x0000000621000000|  0%| F|  |TAMS 0x0000000620c00000| PB 0x0000000620c00000| Untracked |  0
| 125|0x0000000621000000, 0x0000000621000000, 0x0000000621400000|  0%| F|  |TAMS 0x0000000621000000| PB 0x0000000621000000| Untracked |  0
| 126|0x0000000621400000, 0x00000006214f5cf0, 0x0000000621800000| 24%| E|  |TAMS 0x0000000621400000| PB 0x0000000621400000| Complete |  0
| 127|0x0000000621800000, 0x0000000621c00000, 0x0000000621c00000|100%| E|CS|TAMS 0x0000000621800000| PB 0x0000000621800000| Complete |  0

Card table byte_map: [0x0000013548220000,0x0000013549220000] _byte_map_base: 0x0000013545212000

Marking Bits: (CMBitMap*) 0x000001352fb8a5d0
 Bits: [0x0000013549220000, 0x00000135511b0000)

Polling page: 0x000001352f2b0000

Metaspace:

Usage:
  Non-class:      1.21 MB used.
      Class:    129.95 KB used.
       Both:      1.33 MB used.

Virtual space:
  Non-class space:       64.00 MB reserved,       1.31 MB (  2%) committed,  1 nodes.
      Class space:        1.00 GB reserved,     192.00 KB ( <1%) committed,  1 nodes.
             Both:        1.06 GB reserved,       1.50 MB ( <1%) committed. 

Chunk freelists:
   Non-Class:  11.73 MB
       Class:  15.69 MB
        Both:  27.42 MB

MaxMetaspaceSize: unlimited
CompressedClassSpaceSize: 1.00 GB
Initial GC threshold: 21.00 MB
Current GC threshold: 21.00 MB
CDS: on
 - commit_granule_bytes: 65536.
 - commit_granule_words: 8192.
 - virtual_space_node_default_size: 8388608.
 - enlarge_chunks_in_place: 1.
 - use_allocation_guard: 0.


Internal statistics:

num_allocs_failed_limit: 0.
num_arena_births: 24.
num_arena_deaths: 0.
num_vsnodes_births: 2.
num_vsnodes_deaths: 0.
num_space_committed: 24.
num_space_uncommitted: 0.
num_chunks_returned_to_freelist: 0.
num_chunks_taken_from_freelist: 44.
num_chunk_merges: 0.
num_chunk_splits: 26.
num_chunks_enlarged: 19.
num_inconsistent_stats: 0.

CodeHeap 'non-profiled nmethods': size=120064Kb used=113Kb max_used=113Kb free=119950Kb
 bounds [0x000001353fce0000, 0x000001353ff50000, 0x0000013547220000]
CodeHeap 'profiled nmethods': size=120000Kb used=297Kb max_used=297Kb free=119703Kb
 bounds [0x0000013538220000, 0x0000013538490000, 0x000001353f750000]
CodeHeap 'non-nmethods': size=5696Kb used=1318Kb max_used=1325Kb free=4377Kb
 bounds [0x000001353f750000, 0x000001353f9c0000, 0x000001353fce0000]
CodeCache: size=245760Kb, used=1728Kb, max_used=1735Kb, free=244030Kb
 total_blobs=794, nmethods=357, adapters=343, full_count=0
Compilation: enabled, stopped_count=0, restarted_count=0

Compilation events (20 events):
Event: 0.868 Thread 0x00000135538107e0 nmethod 346 0x0000013538266f88 code [0x0000013538267140, 0x0000013538267a98]
Event: 0.871 Thread 0x00000135538107e0  347       3       java.lang.CharacterDataLatin1::equalsIgnoreCase (63 bytes)
Event: 0.871 Thread 0x00000135538107e0 nmethod 347 0x0000013538267b08 code [0x0000013538267c40, 0x0000013538267ef0]
Event: 0.872 Thread 0x00000135538107e0  348       1       java.net.URL::getPort (5 bytes)
Event: 0.872 Thread 0x00000135538107e0 nmethod 348 0x000001353fcfb608 code [0x000001353fcfb720, 0x000001353fcfb7e8]
Event: 0.872 Thread 0x00000135538107e0  349       3       java.lang.StringConcatHelper::newArray (40 bytes)
Event: 0.872 Thread 0x00000135538107e0 nmethod 349 0x0000013538267f08 code [0x0000013538268040, 0x0000013538268350]
Event: 0.872 Thread 0x00000135538107e0  350       3       sun.net.util.IPAddressUtil::earlyURLParsing (12 bytes)
Event: 0.873 Thread 0x00000135538107e0 nmethod 350 0x0000013538268388 code [0x00000135382684a0, 0x00000135382685b0]
Event: 0.876 Thread 0x00000135538107e0  352   !   3       java.lang.invoke.MemberName::getMethodType (213 bytes)
Event: 0.877 Thread 0x00000135538107e0 nmethod 352 0x0000013538268688 code [0x00000135382688a0, 0x0000013538269be0]
Event: 0.877 Thread 0x00000135538107e0  353       3       java.util.Objects::hashCode (13 bytes)
Event: 0.877 Thread 0x00000135538107e0 nmethod 353 0x0000013538269c88 code [0x0000013538269dc0, 0x0000013538269fd8]
Event: 0.882 Thread 0x00000135538107e0  354       1       java.net.URL::getAuthority (5 bytes)
Event: 0.883 Thread 0x00000135538107e0 nmethod 354 0x000001353fcfbe88 code [0x000001353fcfbfa0, 0x000001353fcfc070]
Event: 0.883 Thread 0x00000135538107e0  355       1       java.net.URL::getPath (5 bytes)
Event: 0.883 Thread 0x00000135538107e0 nmethod 355 0x000001353fcfc188 code [0x000001353fcfc2a0, 0x000001353fcfc370]
Event: 0.883 Thread 0x00000135538107e0  356       1       java.net.URL::getQuery (5 bytes)
Event: 0.883 Thread 0x00000135538107e0 nmethod 356 0x000001353fcfc488 code [0x000001353fcfc5a0, 0x000001353fcfc670]
Event: 0.883 Thread 0x00000135538107e0  357       3       java.util.concurrent.ConcurrentHashMap$ValueIterator::next (34 bytes)

GC Heap History (0 events):
No events

Dll operation events (13 events):
Event: 0.072 Loaded shared library C:\Users\proanovj\.jdks\openjdk-23\bin\java.dll
Event: 0.222 Loaded shared library C:\Users\proanovj\.jdks\openjdk-23\bin\jsvml.dll
Event: 0.386 Loaded shared library C:\Users\proanovj\.jdks\openjdk-23\bin\zip.dll
Event: 0.392 Loaded shared library C:\Users\proanovj\.jdks\openjdk-23\bin\instrument.dll
Event: 0.456 Loaded shared library C:\Users\proanovj\.jdks\openjdk-23\bin\net.dll
Event: 0.477 Loaded shared library C:\Users\proanovj\.jdks\openjdk-23\bin\nio.dll
Event: 0.484 Loaded shared library C:\Users\proanovj\.jdks\openjdk-23\bin\zip.dll
Event: 0.569 Loaded shared library C:\Program Files\JetBrains\IntelliJ IDEA Community Edition 2024.2.3\bin\breakgen64.dll
Event: 0.601 Loaded shared library C:\Users\proanovj\.jdks\openjdk-23\bin\extnet.dll
Event: 0.601 Loaded shared library C:\Users\proanovj\.jdks\openjdk-23\bin\jimage.dll
Event: 0.741 Loaded shared library C:\Users\proanovj\AppData\Local\Temp\jSerialComm\1728572548503-jSerialComm.dll
Event: 0.773 Loaded shared library C:\Users\proanovj\.jdks\openjdk-23\bin\verify.dll
Event: 0.860 Loaded shared library C:\Users\proanovj\.jssc\windows\jSSC-2.8_x86_64.dll

Deoptimization events (4 events):
Event: 0.571 Thread 0x000001352fae2a20 Uncommon trap: trap_request=0xffffff45 fr.pc=0x000001353fceffdc relative=0x00000000000000bc
Event: 0.571 Thread 0x000001352fae2a20 Uncommon trap: reason=unstable_if action=reinterpret pc=0x000001353fceffdc method=java.lang.String.isLatin1()Z @ 10 c2
Event: 0.571 Thread 0x000001352fae2a20 DEOPT PACKING pc=0x000001353fceffdc sp=0x0000002b331ff210
Event: 0.571 Thread 0x000001352fae2a20 DEOPT UNPACKING pc=0x000001353f7a4402 sp=0x0000002b331ff150 mode 2

Classes loaded (20 events):
Event: 0.861 Loading class java/util/Collections$SynchronizedRandomAccessList
Event: 0.861 Loading class java/util/Collections$SynchronizedList
Event: 0.866 Loading class java/util/Collections$SynchronizedList done
Event: 0.866 Loading class java/util/Collections$SynchronizedRandomAccessList done
Event: 0.866 Loading class java/util/concurrent/atomic/AtomicBoolean
Event: 0.866 Loading class java/util/concurrent/atomic/AtomicBoolean done
Event: 0.875 Loading class java/util/concurrent/Executors
Event: 0.875 Loading class java/util/concurrent/Executors done
Event: 0.875 Loading class java/util/concurrent/Executors$AutoShutdownDelegatedExecutorService
Event: 0.875 Loading class java/util/concurrent/Executors$DelegatedExecutorService
Event: 0.875 Loading class java/util/concurrent/Executors$DelegatedExecutorService done
Event: 0.875 Loading class java/util/concurrent/Executors$AutoShutdownDelegatedExecutorService done
Event: 0.875 Loading class java/util/concurrent/ThreadPoolExecutor
Event: 0.875 Loading class java/util/concurrent/ThreadPoolExecutor done
Event: 0.875 Loading class java/util/concurrent/ThreadPoolExecutor$AbortPolicy
Event: 0.875 Loading class java/util/concurrent/RejectedExecutionHandler
Event: 0.876 Loading class java/util/concurrent/RejectedExecutionHandler done
Event: 0.876 Loading class java/util/concurrent/ThreadPoolExecutor$AbortPolicy done
Event: 0.877 Loading class java/util/concurrent/ArrayBlockingQueue
Event: 0.877 Loading class java/util/concurrent/ArrayBlockingQueue done

Classes unloaded (0 events):
No events

Classes redefined (0 events):
No events

Internal exceptions (2 events):
Event: 0.531 Thread 0x000001352fae2a20 Exception <a 'java/lang/NoSuchMethodError'{0x0000000621ad68d0}: 'java.lang.Object java.lang.invoke.Invokers$Holder.invokeExact_MT(java.lang.Object, java.lang.Object, java.lang.Object, java.lang.Object, java.lang.Object)'> (0x0000000621ad68d0) 
thrown [s\open\src\hotspot\share\interpreter\linkResolver.cpp, line 796]
Event: 0.602 Thread 0x0000013553a7c6a0 Exception <a 'java/lang/NoSuchMethodError'{0x0000000621b65de8}: 'void java.lang.invoke.DirectMethodHandle$Holder.invokeStatic(java.lang.Object, java.lang.Object)'> (0x0000000621b65de8) 
thrown [s\open\src\hotspot\share\interpreter\linkResolver.cpp, line 796]

VM Operations (2 events):
Event: 0.314 Executing VM operation: HandshakeAllThreads (Deoptimize)
Event: 0.335 Executing VM operation: HandshakeAllThreads (Deoptimize) done

Memory protections (0 events):
No events

Nmethod flushes (0 events):
No events

Events (13 events):
Event: 0.127 Thread 0x000001352fae2a20 Thread added: 0x000001352fae2a20
Event: 0.168 Thread 0x000001352fae2a20 Thread added: 0x00000135537d44c0
Event: 0.168 Thread 0x000001352fae2a20 Thread added: 0x00000135537d5590
Event: 0.181 Thread 0x000001352fae2a20 Thread added: 0x00000135537d7360
Event: 0.181 Thread 0x000001352fae2a20 Thread added: 0x00000135537da720
Event: 0.182 Thread 0x000001352fae2a20 Thread added: 0x00000135537db180
Event: 0.193 Thread 0x000001352fae2a20 Thread added: 0x00000135537dbbe0
Event: 0.193 Thread 0x000001352fae2a20 Thread added: 0x00000135537dd110
Event: 0.208 Thread 0x000001352fae2a20 Thread added: 0x00000135538107e0
Event: 0.297 Thread 0x000001352fae2a20 Thread added: 0x00000135537a7c60
Event: 0.570 Thread 0x000001352fae2a20 Thread added: 0x0000013553a7c6a0
Event: 0.570 Thread 0x000001352fae2a20 Thread added: 0x0000013553a7cd10
Event: 0.883 Thread 0x000001352fae2a20 Thread added: 0x0000013553abec90


Dynamic libraries:
0x00007ff7ef260000 - 0x00007ff7ef26e000 	C:\Users\proanovj\.jdks\openjdk-23\bin\java.exe
0x00007ffcf9bf0000 - 0x00007ffcf9de8000 	C:\WINDOWS\SYSTEM32\ntdll.dll
0x00007ffcf8f20000 - 0x00007ffcf8fe1000 	C:\WINDOWS\System32\KERNEL32.DLL
0x00007ffcf7690000 - 0x00007ffcf798d000 	C:\WINDOWS\System32\KERNELBASE.dll
0x00007ffcf74a0000 - 0x00007ffcf75a0000 	C:\WINDOWS\System32\ucrtbase.dll
0x00007ffce53d0000 - 0x00007ffce53e7000 	C:\Users\proanovj\.jdks\openjdk-23\bin\jli.dll
0x00007ffce51c0000 - 0x00007ffce51db000 	C:\Users\proanovj\.jdks\openjdk-23\bin\VCRUNTIME140.dll
0x00007ffcf8ff0000 - 0x00007ffcf918d000 	C:\WINDOWS\System32\USER32.dll
0x00007ffcf7bf0000 - 0x00007ffcf7c12000 	C:\WINDOWS\System32\win32u.dll
0x00007ffcf7e50000 - 0x00007ffcf7e7b000 	C:\WINDOWS\System32\GDI32.dll
0x00007ffcf7990000 - 0x00007ffcf7aa7000 	C:\WINDOWS\System32\gdi32full.dll
0x00007ffcf72a0000 - 0x00007ffcf733d000 	C:\WINDOWS\System32\msvcp_win.dll
0x00007ffcd2c80000 - 0x00007ffcd2f1a000 	C:\WINDOWS\WinSxS\amd64_microsoft.windows.common-controls_6595b64144ccf1df_6.0.19041.4355_none_60b8b9eb71f62e16\COMCTL32.dll
0x00007ffcf7c20000 - 0x00007ffcf7cbe000 	C:\WINDOWS\System32\msvcrt.dll
0x00007ffcf8d20000 - 0x00007ffcf8d4f000 	C:\WINDOWS\System32\IMM32.DLL
0x00007ffcec750000 - 0x00007ffcec75c000 	C:\Users\proanovj\.jdks\openjdk-23\bin\vcruntime140_1.dll
0x00007ffcad350000 - 0x00007ffcad3de000 	C:\Users\proanovj\.jdks\openjdk-23\bin\msvcp140.dll
0x00007ffc48930000 - 0x00007ffc4967f000 	C:\Users\proanovj\.jdks\openjdk-23\bin\server\jvm.dll
0x00007ffcf8500000 - 0x00007ffcf85b0000 	C:\WINDOWS\System32\ADVAPI32.dll
0x00007ffcf93e0000 - 0x00007ffcf9480000 	C:\WINDOWS\System32\sechost.dll
0x00007ffcf9a80000 - 0x00007ffcf9ba3000 	C:\WINDOWS\System32\RPCRT4.dll
0x00007ffcf75a0000 - 0x00007ffcf75c7000 	C:\WINDOWS\System32\bcrypt.dll
0x00007ffcf7cc0000 - 0x00007ffcf7d2b000 	C:\WINDOWS\System32\WS2_32.dll
0x00007ffcf6ae0000 - 0x00007ffcf6b2b000 	C:\WINDOWS\SYSTEM32\POWRPROF.dll
0x00007ffcdc9c0000 - 0x00007ffcdc9e7000 	C:\WINDOWS\SYSTEM32\WINMM.dll
0x00007ffcf1160000 - 0x00007ffcf116a000 	C:\WINDOWS\SYSTEM32\VERSION.dll
0x00007ffcf6ab0000 - 0x00007ffcf6ac2000 	C:\WINDOWS\SYSTEM32\UMPDC.dll
0x00007ffcf58b0000 - 0x00007ffcf58c2000 	C:\WINDOWS\SYSTEM32\kernel.appcore.dll
0x00007ffcead80000 - 0x00007ffcead8a000 	C:\Users\proanovj\.jdks\openjdk-23\bin\jimage.dll
0x00007ffcf51c0000 - 0x00007ffcf53a4000 	C:\WINDOWS\SYSTEM32\DBGHELP.DLL
0x00007ffcefdb0000 - 0x00007ffcefde4000 	C:\WINDOWS\SYSTEM32\dbgcore.DLL
0x00007ffcf7ab0000 - 0x00007ffcf7b32000 	C:\WINDOWS\System32\bcryptPrimitives.dll
0x00007ffce4ca0000 - 0x00007ffce4caf000 	C:\Users\proanovj\.jdks\openjdk-23\bin\instrument.dll
0x00007ffce45e0000 - 0x00007ffce45fe000 	C:\Users\proanovj\.jdks\openjdk-23\bin\java.dll
0x00007ffcf97e0000 - 0x00007ffcf990b000 	C:\WINDOWS\System32\ole32.dll
0x00007ffcf9480000 - 0x00007ffcf97d3000 	C:\WINDOWS\System32\combase.dll
0x00007ffcf85b0000 - 0x00007ffcf8d1f000 	C:\WINDOWS\System32\SHELL32.dll
0x00007ffcf4900000 - 0x00007ffcf50a3000 	C:\WINDOWS\SYSTEM32\windows.storage.dll
0x00007ffcf6a10000 - 0x00007ffcf6a3e000 	C:\WINDOWS\SYSTEM32\Wldp.dll
0x00007ffcf91d0000 - 0x00007ffcf929d000 	C:\WINDOWS\System32\OLEAUT32.dll
0x00007ffcf7d30000 - 0x00007ffcf7ddd000 	C:\WINDOWS\System32\SHCORE.dll
0x00007ffcf9380000 - 0x00007ffcf93d5000 	C:\WINDOWS\System32\shlwapi.dll
0x00007ffcf71d0000 - 0x00007ffcf71f4000 	C:\WINDOWS\SYSTEM32\profapi.dll
0x00007ffc83fe0000 - 0x00007ffc840b7000 	C:\Users\proanovj\.jdks\openjdk-23\bin\jsvml.dll
0x00007ffcdfed0000 - 0x00007ffcdfee7000 	C:\Users\proanovj\.jdks\openjdk-23\bin\zip.dll
0x00007ffce4810000 - 0x00007ffce4820000 	C:\Users\proanovj\.jdks\openjdk-23\bin\net.dll
0x00007ffcf67b0000 - 0x00007ffcf681a000 	C:\WINDOWS\system32\mswsock.dll
0x00007ffcdfeb0000 - 0x00007ffcdfec6000 	C:\Users\proanovj\.jdks\openjdk-23\bin\nio.dll
0x00007ffcdfe30000 - 0x00007ffcdfe4a000 	C:\Program Files\JetBrains\IntelliJ IDEA Community Edition 2024.2.3\bin\breakgen64.dll
0x00007ffce45d0000 - 0x00007ffce45d9000 	C:\Users\proanovj\.jdks\openjdk-23\bin\extnet.dll
0x00007ffcdb280000 - 0x00007ffcdb2a5000 	C:\Users\proanovj\AppData\Local\Temp\jSerialComm\1728572548503-jSerialComm.dll
0x00007ffcf8030000 - 0x00007ffcf849e000 	C:\WINDOWS\System32\SETUPAPI.dll
0x00007ffcf75d0000 - 0x00007ffcf761e000 	C:\WINDOWS\System32\cfgmgr32.dll
0x00007ffcdffc0000 - 0x00007ffcdffd0000 	C:\Users\proanovj\.jdks\openjdk-23\bin\verify.dll
0x0000000071100000 - 0x0000000071125000 	C:\Users\proanovj\.jssc\windows\jSSC-2.8_x86_64.dll

dbghelp: loaded successfully - version: 4.0.5 - missing functions: none
symbol engine: initialized successfully - sym options: 0x614 - pdb path: .;C:\Users\proanovj\.jdks\openjdk-23\bin;C:\WINDOWS\SYSTEM32;C:\WINDOWS\WinSxS\amd64_microsoft.windows.common-controls_6595b64144ccf1df_6.0.19041.4355_none_60b8b9eb71f62e16;C:\Users\proanovj\.jdks\openjdk-23\bin\server;C:\Program Files\JetBrains\IntelliJ IDEA Community Edition 2024.2.3\bin;C:\Users\proanovj\AppData\Local\Temp\jSerialComm;C:\Users\proanovj\.jssc\windows

VM Arguments:
jvm_args: -javaagent:C:\Program Files\JetBrains\IntelliJ IDEA Community Edition 2024.2.3\lib\idea_rt.jar=52949:C:\Program Files\JetBrains\IntelliJ IDEA Community Edition 2024.2.3\bin -Dfile.encoding=UTF-8 -Dsun.stdout.encoding=UTF-8 -Dsun.stderr.encoding=UTF-8 
java_command: org.org.example.BLEFirmataControl
java_class_path (initial): C:\Users\proanovj\IdeaProjects\BLE\target\classes;C:\Users\proanovj\.m2\repository\com\github\kurbatov\firmata4j\2.3.7\firmata4j-2.3.7.jar;C:\Users\proanovj\.m2\repository\org\slf4j\slf4j-api\1.7.25\slf4j-api-1.7.25.jar;C:\Users\proanovj\.m2\repository\com\fazecast\jSerialComm\2.7.0\jSerialComm-2.7.0.jar;C:\Users\proanovj\.m2\repository\org\scream3r\jssc\2.8.0\jssc-2.8.0.jar;C:\Users\proanovj\.m2\repository\org\slf4j\slf4j-simple\1.7.36\slf4j-simple-1.7.36.jar
Launcher Type: SUN_STANDARD

[Global flags]
     intx CICompilerCount                          = 3                                         {product} {ergonomic}
     uint ConcGCThreads                            = 1                                         {product} {ergonomic}
     uint G1ConcRefinementThreads                  = 4                                         {product} {ergonomic}
   size_t G1HeapRegionSize                         = 4194304                                   {product} {ergonomic}
   size_t InitialHeapSize                          = 536870912                                 {product} {ergonomic}
   size_t MarkStackSize                            = 4194304                                   {product} {ergonomic}
   size_t MarkStackSizeMax                         = 536870912                                 {product} {ergonomic}
   size_t MaxHeapSize                              = 8560574464                                {product} {ergonomic}
   size_t MaxNewSize                               = 5133828096                                {product} {ergonomic}
   size_t MinHeapDeltaBytes                        = 4194304                                   {product} {ergonomic}
   size_t MinHeapSize                              = 8388608                                   {product} {ergonomic}
    uintx NonNMethodCodeHeapSize                   = 5832704                                {pd product} {ergonomic}
    uintx NonProfiledCodeHeapSize                  = 122945536                              {pd product} {ergonomic}
    uintx ProfiledCodeHeapSize                     = 122880000                              {pd product} {ergonomic}
    uintx ReservedCodeCacheSize                    = 251658240                              {pd product} {ergonomic}
     bool SegmentedCodeCache                       = true                                      {product} {ergonomic}
   size_t SoftMaxHeapSize                          = 8560574464                             {manageable} {ergonomic}
     bool UseCompressedOops                        = true                           {product lp64_product} {ergonomic}
     bool UseG1GC                                  = true                                      {product} {ergonomic}
     bool UseLargePagesIndividualAllocation        = false                                  {pd product} {ergonomic}

Logging:
Log output configuration:
 #0: stdout all=warning uptime,level,tags foldmultilines=false
 #1: stderr all=off uptime,level,tags foldmultilines=false

Environment Variables:
PATH=C:\Program Files\Common Files\Oracle\Java\javapath;C:\Program Files\Eclipse Adoptium\jdk-21.0.1.12-hotspot\bin;C:\Program Files\Python39\Scripts\;C:\Program Files\Python39\;C:\WINDOWS\system32;C:\WINDOWS;C:\WINDOWS\System32\Wbem;C:\WINDOWS\System32\WindowsPowerShell\v1.0\;C:\WINDOWS\System32\OpenSSH\;C:\Windows\CCM;C:\Program Files\Java\jdk-13\bin;C:\Program Files\dotnet\;C:\Program Files (x86)\libjson-rpc-cpp 0.4.0\bin;C:\Users\proanovj\Miniconda3\Scripts;C:\ninja;C:\Program Files\srecord\bin;C:\Program Files\Git\cmd;C:\Users\proanovj\AppData\Local\Programs\Microsoft VS Code;C:\Program Files (x86)\Intel\Intel(R) Management Engine Components\DAL;C:\Program Files\Intel\Intel(R) Management Engine Components\DAL;C:\Program Files\Point Grey Research\GTKmm\gtk64\bin;C:\Program Files\Point Grey Research\FlyCap2 Viewer\bin64;%FC2PATH\vs2013;C:\Program Files\Point Grey Research\FlyCap2 Viewer\bin64\vs2015;C:\Users\proanovj\OneDrive - London South Bank University\Desktop\JavaBLE\apache-maven-3.9.9\bin;C:\Users\proanovj\AppData\Local\Microsoft\WindowsApps;C:\Users\proanovj\Documents\modelsim_ase\win32aloem;c:\mingw\mingw64\bin;C:\cygwin64\bin;C:\Users\proanovj\AppData\Local\GitHubDesktop\bin;C:\Users\proanovj\AppData\Local\Programs\Microsoft VS Code\bin;C:\Users\proanovj\.platformio\penv\Lib\site-packages\platformio\builder\tools\pioasm;C:\Program Files\JetBrains\IntelliJ IDEA Community Edition 2024.2.3\bin;
USERNAME=proanovj
OS=Windows_NT
PROCESSOR_IDENTIFIER=Intel64 Family 6 Model 158 Stepping 9, GenuineIntel
TMP=C:\Users\proanovj\AppData\Local\Temp
TEMP=C:\Users\proanovj\AppData\Local\Temp




Periodic native trim disabled

---------------  S Y S T E M  ---------------

OS:
 Windows 10 , 64 bit Build 19041 (10.0.19041.4842)
OS uptime: 13 days 1:40 hours
Hyper-V role detected

CPU: total 4 (initial active 4) (4 cores per cpu, 1 threads per core) family 6 model 158 stepping 9 microcode 0xf6, cx8, cmov, fxsr, mmx, 3dnowpref, sse, sse2, sse3, ssse3, sse4.1, sse4.2, popcnt, lzcnt, tsc, tscinvbit, avx, avx2, aes, erms, clmul, bmi1, bmi2, rtm, adx, fma, vzeroupper, clflush, clflushopt, hv, rdtscp, f16c
Processor Information for the first 4 processors :
  Max Mhz: 3408, Current Mhz: 3408, Mhz Limit: 3408

Memory: 4k page, system-wide physical 32651M (11888M free)
TotalPageFile size 42891M (AvailPageFile size 17437M)
current process WorkingSet (physical memory assigned to process): 44M, peak: 44M
current process commit charge ("private bytes"): 597M, peak: 597M

vm_info: OpenJDK 64-Bit Server VM (23+37-2369) for windows-amd64 JRE (23+37-2369), built on 2024-08-20T16:01:23Z with MS VC++ 17.6 (VS2022)

END.
